0 info it worked if it ends with ok
1 verbose cli [ 'node', '/usr/local/bin/npm', 'install', 'node-cron' ]
2 info using npm@1.1.65
3 info using node@v0.8.14
4 verbose read json /Users/kristin/Projects/node_js/mtbrain-master/package.json
5 verbose read json /Users/kristin/Projects/node_js/mtbrain-master/node_modules/coffee-script/package.json
6 verbose read json /Users/kristin/Projects/node_js/mtbrain-master/node_modules/express/package.json
7 verbose read json /Users/kristin/Projects/node_js/mtbrain-master/node_modules/http/package.json
8 verbose read json /Users/kristin/Projects/node_js/mtbrain-master/node_modules/mongodb/package.json
9 verbose read json /Users/kristin/Projects/node_js/mtbrain-master/node_modules/nib/package.json
10 verbose read json /Users/kristin/Projects/node_js/mtbrain-master/node_modules/node-schedule/package.json
11 verbose read json /Users/kristin/Projects/node_js/mtbrain-master/node_modules/omgosc/package.json
12 verbose read json /Users/kristin/Projects/node_js/mtbrain-master/node_modules/socket.io/package.json
13 verbose read json /Users/kristin/Projects/node_js/mtbrain-master/node_modules/stylus/package.json
14 verbose from cache /Users/kristin/Projects/node_js/mtbrain-master/package.json
15 verbose readDependencies using package.json deps
16 verbose cache add [ 'node-cron', null ]
17 silly cache add name=undefined spec="node-cron" args=["node-cron",null]
18 verbose parsed url { pathname: 'node-cron', path: 'node-cron', href: 'node-cron' }
19 silly lockFile 7f071c36-node-cron node-cron
20 verbose lock node-cron /Users/kristin/.npm/7f071c36-node-cron.lock
21 silly lockFile 7f071c36-node-cron node-cron
22 verbose addNamed [ 'node-cron', '' ]
23 verbose addNamed [ null, '' ]
24 silly lockFile 4b1aaa17-node-cron node-cron@
25 verbose lock node-cron@ /Users/kristin/.npm/4b1aaa17-node-cron.lock
26 silly addNameRange { name: 'node-cron', range: '', hasData: false }
27 verbose url raw node-cron
28 verbose url resolving [ 'https://registry.npmjs.org/', './node-cron' ]
29 verbose url resolved https://registry.npmjs.org/node-cron
30 info trying registry request attempt 1 at 15:43:24
31 http GET https://registry.npmjs.org/node-cron
32 http 404 https://registry.npmjs.org/node-cron
33 silly registry.get cb [ 404,
33 silly registry.get   { server: 'CouchDB/1.2.0 (Erlang OTP/R15B)',
33 silly registry.get     date: 'Mon, 17 Dec 2012 23:42:28 GMT',
33 silly registry.get     'content-type': 'application/json',
33 silly registry.get     'content-length': '52',
33 silly registry.get     'cache-control': 'must-revalidate' } ]
34 silly lockFile 4b1aaa17-node-cron node-cron@
35 error 404 'node-cron' is not in the npm registry.
35 error 404 You should bug the author to publish it
35 error 404
35 error 404 Maybe try 'npm search cron'
35 error 404
35 error 404 Note that you can also install from a
35 error 404 tarball, folder, or http url, or git url.
36 error System Darwin 11.4.2
37 error command "node" "/usr/local/bin/npm" "install" "node-cron"
38 error cwd /Users/kristin/Projects/node_js/mtbrain-master
39 error node -v v0.8.14
40 error npm -v 1.1.65
41 error code E404
42 verbose exit [ 1, true ]
